Warning[205] D:\MICROC\LAB2\TEMPORIZADOR_COMPLETO\TEMPO_FINAL.X\TEMPO_FINAL.ASM 10 : Found directive in column 1. (lIST)
Warning[205] D:\MICROC\LAB2\TEMPORIZADOR_COMPLETO\TEMPO_FINAL.X\TEMPO_FINAL.ASM 21 : Found directive in column 1. (CBLOCK)
Warning[205] D:\MICROC\LAB2\TEMPORIZADOR_COMPLETO\TEMPO_FINAL.X\TEMPO_FINAL.ASM 27 : Found directive in column 1. (ENDC)
Warning[205] D:\MICROC\LAB2\TEMPORIZADOR_COMPLETO\TEMPO_FINAL.X\TEMPO_FINAL.ASM 28 : Found directive in column 1. (CBLOCK)
Warning[205] D:\MICROC\LAB2\TEMPORIZADOR_COMPLETO\TEMPO_FINAL.X\TEMPO_FINAL.ASM 50 : Found directive in column 1. (ENDC)
Warning[205] D:\MICROC\LAB2\TEMPORIZADOR_COMPLETO\TEMPO_FINAL.X\TEMPO_FINAL.ASM 51 : Found directive in column 1. (ORG)
Message[302] D:\MICROC\LAB2\TEMPORIZADOR_COMPLETO\TEMPO_FINAL.X\CONFIGURACION.INC 7 : Register in operand not in bank 0.  Ensure that bank bits are correct.
Message[302] D:\MICROC\LAB2\TEMPORIZADOR_COMPLETO\TEMPO_FINAL.X\CONFIGURACION.INC 11 : Register in operand not in bank 0.  Ensure that bank bits are correct.
Message[302] D:\MICROC\LAB2\TEMPORIZADOR_COMPLETO\TEMPO_FINAL.X\CONFIGURACION.INC 12 : Register in operand not in bank 0.  Ensure that bank bits are correct.
Message[302] D:\MICROC\LAB2\TEMPORIZADOR_COMPLETO\TEMPO_FINAL.X\CONFIGURACION.INC 13 : Register in operand not in bank 0.  Ensure that bank bits are correct.
Message[302] D:\MICROC\LAB2\TEMPORIZADOR_COMPLETO\TEMPO_FINAL.X\CONFIGURACION.INC 15 : Register in operand not in bank 0.  Ensure that bank bits are correct.
Message[302] D:\MICROC\LAB2\TEMPORIZADOR_COMPLETO\TEMPO_FINAL.X\CONFIGURACION.INC 17 : Register in operand not in bank 0.  Ensure that bank bits are correct.
Message[305] D:\MICROC\LAB2\TEMPORIZADOR_COMPLETO\TEMPO_FINAL.X\CONTADORDEC.INC 36 : Using default destination of 1 (file).
Message[305] D:\MICROC\LAB2\TEMPORIZADOR_COMPLETO\TEMPO_FINAL.X\CONTADORDEC.INC 43 : Using default destination of 1 (file).
Message[305] D:\MICROC\LAB2\TEMPORIZADOR_COMPLETO\TEMPO_FINAL.X\CONTADORDEC.INC 49 : Using default destination of 1 (file).
Message[305] D:\MICROC\LAB2\TEMPORIZADOR_COMPLETO\TEMPO_FINAL.X\CONTADORDEC.INC 56 : Using default destination of 1 (file).
Message[305] D:\MICROC\LAB2\TEMPORIZADOR_COMPLETO\TEMPO_FINAL.X\CONTADORDEC.INC 62 : Using default destination of 1 (file).
Message[305] D:\MICROC\LAB2\TEMPORIZADOR_COMPLETO\TEMPO_FINAL.X\CONTADORDEC.INC 73 : Using default destination of 1 (file).
Message[305] D:\MICROC\LAB2\TEMPORIZADOR_COMPLETO\TEMPO_FINAL.X\CONTADORDEC.INC 86 : Using default destination of 1 (file).
Message[305] D:\MICROC\LAB2\TEMPORIZADOR_COMPLETO\TEMPO_FINAL.X\CONTADORDEC.INC 97 : Using default destination of 1 (file).
Message[305] D:\MICROC\LAB2\TEMPORIZADOR_COMPLETO\TEMPO_FINAL.X\CONTADORDEC.INC 101 : Using default destination of 1 (file).
Message[305] D:\MICROC\LAB2\TEMPORIZADOR_COMPLETO\TEMPO_FINAL.X\CONTADORDEC.INC 117 : Using default destination of 1 (file).
Message[305] D:\MICROC\LAB2\TEMPORIZADOR_COMPLETO\TEMPO_FINAL.X\CONTADORINC.INC 20 : Using default destination of 1 (file).
Message[305] D:\MICROC\LAB2\TEMPORIZADOR_COMPLETO\TEMPO_FINAL.X\CONTADORINC.INC 42 : Using default destination of 1 (file).
Message[305] D:\MICROC\LAB2\TEMPORIZADOR_COMPLETO\TEMPO_FINAL.X\CONTADORINC.INC 49 : Using default destination of 1 (file).
Message[305] D:\MICROC\LAB2\TEMPORIZADOR_COMPLETO\TEMPO_FINAL.X\CONTADORINC.INC 55 : Using default destination of 1 (file).
Message[305] D:\MICROC\LAB2\TEMPORIZADOR_COMPLETO\TEMPO_FINAL.X\CONTADORINC.INC 67 : Using default destination of 1 (file).
Message[305] D:\MICROC\LAB2\TEMPORIZADOR_COMPLETO\TEMPO_FINAL.X\CONTADORINC.INC 72 : Using default destination of 1 (file).
Message[305] D:\MICROC\LAB2\TEMPORIZADOR_COMPLETO\TEMPO_FINAL.X\CONTADORINC.INC 92 : Using default destination of 1 (file).
Message[305] D:\MICROC\LAB2\TEMPORIZADOR_COMPLETO\TEMPO_FINAL.X\CONTADORINC.INC 110 : Using default destination of 1 (file).
Message[305] D:\MICROC\LAB2\TEMPORIZADOR_COMPLETO\TEMPO_FINAL.X\CONTADORINC.INC 119 : Using default destination of 1 (file).
Message[305] D:\MICROC\LAB2\TEMPORIZADOR_COMPLETO\TEMPO_FINAL.X\CONTADORINC.INC 125 : Using default destination of 1 (file).
Message[305] D:\MICROC\LAB2\TEMPORIZADOR_COMPLETO\TEMPO_FINAL.X\CONVERSOR1.INC 19 : Using default destination of 1 (file).
Message[305] D:\MICROC\LAB2\TEMPORIZADOR_COMPLETO\TEMPO_FINAL.X\CONVERSOR2.INC 19 : Using default destination of 1 (file).
Message[305] D:\MICROC\LAB2\TEMPORIZADOR_COMPLETO\TEMPO_FINAL.X\CONVERSOR3.INC 19 : Using default destination of 1 (file).
Message[305] D:\MICROC\LAB2\TEMPORIZADOR_COMPLETO\TEMPO_FINAL.X\INIG_REG.INC 8 : Using default destination of 1 (file).
Warning[203] D:\MICROC\LAB2\TEMPORIZADOR_COMPLETO\TEMPO_FINAL.X\INIG_REG.INC 13 : Found opcode in column 1. (RETURN)
Message[305] D:\MICROC\LAB2\TEMPORIZADOR_COMPLETO\TEMPO_FINAL.X\RETARDO1.INC 7 : Using default destination of 1 (file).
Warning[207] D:\MICROC\LAB2\TEMPORIZADOR_COMPLETO\TEMPO_FINAL.X\T_ESCOGER.INC 26 : Found label after column 1. (TIEMPO_1)
Message[305] D:\MICROC\LAB2\TEMPORIZADOR_COMPLETO\TEMPO_FINAL.X\T_ESCOGER.INC 31 : Using default destination of 1 (file).
Message[305] D:\MICROC\LAB2\TEMPORIZADOR_COMPLETO\TEMPO_FINAL.X\T_ESCOGER.INC 33 : Using default destination of 1 (file).
Warning[207] D:\MICROC\LAB2\TEMPORIZADOR_COMPLETO\TEMPO_FINAL.X\T_ESCOGER.INC 36 : Found label after column 1. (TIEMPO_2)
Message[305] D:\MICROC\LAB2\TEMPORIZADOR_COMPLETO\TEMPO_FINAL.X\T_ESCOGER.INC 41 : Using default destination of 1 (file).
Message[305] D:\MICROC\LAB2\TEMPORIZADOR_COMPLETO\TEMPO_FINAL.X\T_ESCOGER.INC 44 : Using default destination of 1 (file).
Warning[207] D:\MICROC\LAB2\TEMPORIZADOR_COMPLETO\TEMPO_FINAL.X\T_ESCOGER.INC 48 : Found label after column 1. (BIT1)
Warning[207] D:\MICROC\LAB2\TEMPORIZADOR_COMPLETO\TEMPO_FINAL.X\T_ESCOGER.INC 51 : Found label after column 1. (TIEMPO_3)
Message[305] D:\MICROC\LAB2\TEMPORIZADOR_COMPLETO\TEMPO_FINAL.X\T_ESCOGER.INC 56 : Using default destination of 1 (file).
Message[305] D:\MICROC\LAB2\TEMPORIZADOR_COMPLETO\TEMPO_FINAL.X\T_ESCOGER.INC 59 : Using default destination of 1 (file).
Warning[207] D:\MICROC\LAB2\TEMPORIZADOR_COMPLETO\TEMPO_FINAL.X\T_ESCOGER.INC 62 : Found label after column 1. (TIEMPO_4)
Message[305] D:\MICROC\LAB2\TEMPORIZADOR_COMPLETO\TEMPO_FINAL.X\T_ESCOGER.INC 67 : Using default destination of 1 (file).
Message[305] D:\MICROC\LAB2\TEMPORIZADOR_COMPLETO\TEMPO_FINAL.X\T_ESCOGER.INC 70 : Using default destination of 1 (file).
Warning[207] D:\MICROC\LAB2\TEMPORIZADOR_COMPLETO\TEMPO_FINAL.X\T_ESCOGER.INC 73 : Found label after column 1. (TIEMPO_5)
Message[305] D:\MICROC\LAB2\TEMPORIZADOR_COMPLETO\TEMPO_FINAL.X\T_ESCOGER.INC 77 : Using default destination of 1 (file).
Message[305] D:\MICROC\LAB2\TEMPORIZADOR_COMPLETO\TEMPO_FINAL.X\T_ESCOGER.INC 80 : Using default destination of 1 (file).
Warning[207] D:\MICROC\LAB2\TEMPORIZADOR_COMPLETO\TEMPO_FINAL.X\T_ESCOGER.INC 83 : Found label after column 1. (CAMBIAR)
Message[305] D:\MICROC\LAB2\TEMPORIZADOR_COMPLETO\TEMPO_FINAL.X\ROTAR.INC 43 : Using default destination of 1 (file).
Message[305] D:\MICROC\LAB2\TEMPORIZADOR_COMPLETO\TEMPO_FINAL.X\SALIDA_VISUAL.INC 14 : Using default destination of 1 (file).
Message[305] D:\MICROC\LAB2\TEMPORIZADOR_COMPLETO\TEMPO_FINAL.X\SALIDA_VISUAL.INC 16 : Using default destination of 1 (file).
Message[305] D:\MICROC\LAB2\TEMPORIZADOR_COMPLETO\TEMPO_FINAL.X\SALIDA_VISUAL.INC 17 : Using default destination of 1 (file).
Message[305] D:\MICROC\LAB2\TEMPORIZADOR_COMPLETO\TEMPO_FINAL.X\SALIDA_VISUAL.INC 23 : Using default destination of 1 (file).
Message[305] D:\MICROC\LAB2\TEMPORIZADOR_COMPLETO\TEMPO_FINAL.X\ROTAR_CARACTER.INC 9 : Using default destination of 1 (file).
Message[305] D:\MICROC\LAB2\TEMPORIZADOR_COMPLETO\TEMPO_FINAL.X\ROTAR_CARACTER.INC 11 : Using default destination of 1 (file).
Message[305] D:\MICROC\LAB2\TEMPORIZADOR_COMPLETO\TEMPO_FINAL.X\ROTAR_CARACTER.INC 13 : Using default destination of 1 (file).
Message[305] D:\MICROC\LAB2\TEMPORIZADOR_COMPLETO\TEMPO_FINAL.X\ROTAR_CARACTER.INC 14 : Using default destination of 1 (file).
Message[305] D:\MICROC\LAB2\TEMPORIZADOR_COMPLETO\TEMPO_FINAL.X\PUBLIC.INC 10 : Using default destination of 1 (file).
Message[305] D:\MICROC\LAB2\TEMPORIZADOR_COMPLETO\TEMPO_FINAL.X\ESPERA.INC 19 : Using default destination of 1 (file).
Message[305] D:\MICROC\LAB2\TEMPORIZADOR_COMPLETO\TEMPO_FINAL.X\ESPERA.INC 20 : Using default destination of 1 (file).
